SF:lib\domain\entities\calculator_entity.dart
DA:9,3
DA:18,2
DA:26,2
DA:27,1
DA:28,2
DA:29,2
DA:30,1
DA:31,1
DA:32,2
DA:37,2
DA:38,2
DA:39,2
DA:49,1
DA:50,2
DA:51,1
DA:53,1
DA:55,1
DA:61,2
DA:62,2
DA:63,6
LF:20
LH:20
end_of_record
SF:lib\domain\models\memory.dart
DA:16,1
DA:18,1
DA:19,3
DA:23,1
DA:24,1
DA:25,1
DA:26,2
DA:28,1
DA:31,3
DA:34,1
DA:35,3
DA:36,1
DA:37,3
DA:38,1
DA:41,1
DA:42,1
DA:43,3
DA:45,3
DA:46,1
DA:52,1
DA:53,3
DA:54,1
DA:55,2
DA:56,0
DA:63,1
DA:65,1
DA:67,3
DA:68,2
DA:70,3
DA:76,2
DA:78,1
DA:80,3
DA:81,3
DA:82,1
DA:84,3
DA:91,1
DA:92,2
DA:93,1
DA:94,1
DA:95,1
DA:96,1
DA:97,1
DA:98,1
DA:99,1
DA:100,1
DA:101,1
DA:102,1
DA:104,0
DA:108,1
DA:109,4
DA:111,7
DA:112,1
DA:113,4
DA:115,7
DA:116,1
DA:117,7
DA:118,1
DA:119,7
DA:120,8
DA:122,1
DA:123,3
DA:126,2
DA:127,4
LF:63
LH:61
end_of_record
SF:lib\domain\value_objects\operation.dart
DA:6,2
DA:7,2
DA:8,3
DA:12,1
DA:13,3
DA:16,2
DA:17,4
DA:20,2
DA:21,4
DA:24,1
DA:25,1
DA:27,1
DA:29,4
DA:31,1
DA:32,2
LF:15
LH:15
end_of_record
SF:lib\presentation\screens\calculator.dart
DA:12,2
DA:14,2
DA:15,2
DA:30,2
DA:32,2
DA:33,6
DA:34,4
DA:37,1
DA:39,2
DA:40,2
DA:44,0
DA:48,2
DA:50,2
DA:51,2
DA:52,6
DA:53,4
LF:16
LH:15
end_of_record
SF:lib\presentation\widgets\display.dart
DA:7,3
DA:15,3
DA:24,3
DA:26,3
DA:27,3
DA:29,3
DA:32,3
DA:33,3
DA:35,3
DA:36,9
DA:41,3
LF:11
LH:11
end_of_record
SF:lib\presentation\widgets\keyboard.dart
DA:8,3
DA:12,1
DA:14,3
DA:19,3
DA:23,3
DA:27,3
DA:29,3
DA:31,3
DA:32,3
DA:33,6
DA:34,3
DA:35,3
DA:36,3
DA:39,6
DA:40,3
DA:41,3
DA:42,3
DA:43,3
DA:46,6
DA:47,3
DA:48,3
DA:49,3
DA:50,3
DA:53,6
DA:54,3
DA:55,3
DA:56,3
DA:57,3
DA:60,6
DA:61,3
DA:62,3
DA:63,3
LF:32
LH:32
end_of_record
SF:lib\presentation\widgets\button.dart
DA:13,5
DA:29,5
DA:31,5
DA:32,5
DA:33,5
DA:34,5
DA:35,5
DA:36,10
DA:39,12
DA:40,10
LF:10
LH:10
end_of_record
SF:lib\presentation\widgets\button_row.dart
DA:8,4
DA:10,4
DA:12,12
DA:14,4
DA:16,4
DA:18,4
DA:23,4
DA:24,4
DA:25,16
DA:26,4
DA:27,4
DA:28,12
DA:29,4
LF:13
LH:13
end_of_record
